<?xml version="1.0" encoding="UTF-8"?>
<!-- Generated by org.testng.reporters.JUnitReportReporter -->
<testsuite hostname="NSWSYDNLP224" failures="0" tests="2" name="Test.Tests" time="23.576" errors="0" timestamp="2020-09-08T16:04:09 AEST" skipped="0">
  <testcase classname="Test.Tests" name="Test1" time="12.300"/>
  <system-out/>
  <testcase classname="Test.Tests" name="Test2" time="11.276"/>
  <system-out/>
</testsuite> <!-- Test.Tests -->
