<?xml version="1.0" encoding="UTF-8"?>
<!-- Generated by org.testng.reporters.JUnitReportReporter -->
<testsuite hostname="NSWSYDNLP224" failures="0" tests="1" name="Test.Tests2" time="28.554" errors="0" timestamp="2020-09-09T10:17:48 AEST" skipped="0">
  <testcase classname="Test.Tests2" name="Test2" time="28.554"/>
  <system-out/>
</testsuite> <!-- Test.Tests2 -->
