<?xml version="1.0" encoding="UTF-8"?>
<!-- Generated by org.testng.reporters.JUnitReportReporter -->
<testsuite hostname="NSWSYDNLP224" failures="0" tests="1" name="Test.Tests" time="19.441" errors="0" timestamp="2020-09-09T10:30:41 AEST" skipped="0">
  <testcase classname="Test.Tests" name="Test" time="19.441"/>
  <system-out/>
</testsuite> <!-- Test.Tests -->
