<?xml version="1.0" encoding="UTF-8"?>
<!-- Generated by org.testng.reporters.JUnitReportReporter -->
<testsuite hostname="NSWSYDNLP224" failures="0" tests="1" name="Test.Tests2" time="25.906" errors="0" timestamp="2020-09-09T13:19:03 AEST" skipped="0">
  <testcase classname="Test.Tests2" name="Test2" time="25.906"/>
  <system-out/>
</testsuite> <!-- Test.Tests2 -->
