<?xml version="1.0" encoding="UTF-8"?>
<!-- Generated by org.testng.reporters.JUnitReportReporter -->
<testsuite skipped="0" hostname="NSWSYDNLP224" name="Test.Tests" tests="1" failures="0" timestamp="2020-09-10T17:00:18 AEST" time="20.611" errors="0">
  <testcase name="Test" time="20.611" classname="Test.Tests"/>
  <system-out/>
</testsuite> <!-- Test.Tests -->
