<?xml version="1.0" encoding="UTF-8"?>
<!-- Generated by org.testng.reporters.JUnitReportReporter -->
<testsuite hostname="NSWSYDNLP224" failures="0" tests="1" name="Test.Tests" time="28.558" errors="0" timestamp="2020-09-09T10:17:48 AEST" skipped="0">
  <testcase classname="Test.Tests" name="Test" time="28.558"/>
  <system-out/>
</testsuite> <!-- Test.Tests -->
