<?xml version="1.0" encoding="UTF-8"?>
<!-- Generated by org.testng.reporters.JUnitReportReporter -->
<testsuite skipped="0" hostname="NSWSYDNLP224" name="Test.Tests" tests="1" failures="0" timestamp="2020-09-09T15:30:44 AEST" time="26.420" errors="0">
  <testcase name="Test" time="26.420" classname="Test.Tests"/>
  <system-out/>
</testsuite> <!-- Test.Tests -->
