<?xml version="1.0" encoding="UTF-8"?>
<!-- Generated by org.testng.reporters.JUnitXMLReporter -->
<testsuite hostname="NSWSYDNLP224" ignored="1" name="Test-method test" tests="2" failures="0" timestamp="2020-09-10T17:00:18 AEST" time="20.696" errors="0">
  <testcase name="Test" time="4.086" classname="Test.Tests"/>
  <testcase name="Test2" time="4.387" classname="Test.Tests2"/>
  <testcase name="@AfterSuite afterSuite" time="0.0" classname="Test.TestBase">
    <ignored/>
  </testcase> <!-- @AfterSuite afterSuite -->
</testsuite> <!-- Test-method test -->
