<?xml version="1.0" encoding="UTF-8"?>
<!-- Generated by org.testng.reporters.JUnitXMLReporter -->
<testsuite ignored="0" hostname="NSWSYDNLP224" failures="0" tests="2" name="Test-method test" time="19.477" errors="0" timestamp="2020-09-09T10:30:41 AEST">
  <testcase classname="Test.Tests2" name="Test2" time="2.837"/>
  <testcase classname="Test.Tests" name="Test" time="2.504"/>
</testsuite> <!-- Test-method test -->
