<?xml version="1.0" encoding="UTF-8"?>
<!-- Generated by org.testng.reporters.JUnitXMLReporter -->
<testsuite ignored="0" hostname="NSWSYDNLP224" failures="0" tests="2" name="Test-method test" time="28.594" errors="0" timestamp="2020-09-09T10:17:48 AEST">
  <testcase classname="Test.Tests" name="Test" time="12.135"/>
  <testcase classname="Test.Tests2" name="Test2" time="14.792"/>
</testsuite> <!-- Test-method test -->
