<?xml version="1.0" encoding="UTF-8"?>
<!-- Generated by org.testng.reporters.JUnitXMLReporter -->
<testsuite hostname="NSWSYDNLP224" ignored="0" name="Test-method test" tests="2" failures="0" timestamp="2020-09-09T15:30:44 AEST" time="28.363" errors="0">
  <testcase name="Test" time="6.767" classname="Test.Tests"/>
  <testcase name="Test2" time="13.776" classname="Test.Tests2"/>
</testsuite> <!-- Test-method test -->
