<?xml version="1.0" encoding="UTF-8"?>
<!-- Generated by org.testng.reporters.JUnitXMLReporter -->
<testsuite ignored="0" hostname="NSWSYDNLP224" failures="0" tests="2" name="Test-method test" time="25.985" errors="0" timestamp="2020-09-09T13:19:03 AEST">
  <testcase classname="Test.Tests2" name="Test2" time="5.49"/>
  <testcase classname="Test.Tests" name="Test" time="6.526"/>
</testsuite> <!-- Test-method test -->
